==============================================================================
H4 periodic (Nk=2) — order-2 V2RDM — term sparsity probe
==============================================================================
Asset preflight: Nk = 2, norb_per_k = 8, total spin-orbital modes = 32, HF constant shift = 1.2769126966 Ha
[stage] build polyopt        : 46.86 s  |  alloc 149.81 GiB

[stage] compute_sparsity     : running order-2 TS with MMD() ...
[stage] compute_sparsity     : 149.46 s  |  alloc 10.88 GiB

-- block footprint at order 2 --
  dense baseline PSD block          : 2081 × 2081
  TS PSD blocks                     : 313
  TS largest block                  : 168 × 168
  sum(block_size^2) proxy           : 983593
  sum of upper-tri PSD scalar slots : 498845

[stage] moment_relax         : assembling symbolic moment problem ...
[stage] moment_relax         : 9.69 s  |  alloc 10.11 GiB
  unique moment variables           : 26817

Typed-expression COSMO config: max_iter = 10, eps_abs/rel = 1.0e-04, decompose = false

[stage] primal moment build  : assembling JuMP primal moment SDP with typed affine matrices ...
  basis length / unique moments     : 85941
  constraint blocks to assemble     : 8571
ERROR: LoadError: MethodError: Cannot `convert` an object of type QuadExpr to an object of type AffExpr
The function `convert` exists, but no method is defined for this combination of argument types.

Closest candidates are:
  GenericAffExpr{V, K}(::Any, Pair...) where {K, V, N}
   @ JuMP ~/.julia/packages/JuMP/0tD10/src/aff_expr.jl:207
  GenericAffExpr{V, K}(::Any, !Matched::AbstractArray{<:Pair}) where {K, V}
   @ JuMP ~/.julia/packages/JuMP/0tD10/src/aff_expr.jl:200
  (::Type{GenericAffExpr{CoefType, VarType}} where {CoefType, VarType})(::Any, !Matched::Any)
   @ JuMP ~/.julia/packages/JuMP/0tD10/src/aff_expr.jl:140
  ...

Stacktrace:
 [1] setindex!(::Matrix{AffExpr}, ::QuadExpr, ::Int64, ::Int64)
   @ Base ./array.jl:996
 [2] build_primal_jump_model(moment_problem::NCTSSoS.MomentProblem{FermionicAlgebra, Int8, NormalMonomial{FermionicAlgebra, Int8}, Polynomial{FermionicAlgebra, Int8, ComplexF64}}, optimizer::MathOptInterface.OptimizerWithAttributes; typed_exprs::Bool, report_every_fraction::Float64)
   @ Main ~/QuantumSOS/NCTSSoS.jl-h4-periodic-v2rdm-benchmark/demos/results/h4_periodic_probe_common.jl:325
 [3] top-level scope
   @ ./timing.jl:689
 [4] include(mod::Module, _path::String)
   @ Base ./Base.jl:306
 [5] exec_options(opts::Base.JLOptions)
   @ Base ./client.jl:317
 [6] _start()
   @ Base ./client.jl:550
in expression starting at /Users/exaclior/QuantumSOS/NCTSSoS.jl-h4-periodic-v2rdm-benchmark/demos/results/h4_periodic_typed_exprs.jl:46
