Smaller-system probe config: COSMO max_iter = 5000, eps_abs/rel = 1.0e-06, decompose = false
Repo check: `test/H4PeriodicAssets.jl` only vendors the H4 Nk=2 asset, so this probe uses the smallest in-repo periodic fermionic stand-ins instead.

==============================================================================
Periodic Hubbard N=2 (grand-canonical, order 2)
==============================================================================
[stage] build polyopt        : 0.15 s  |  alloc 42.08 MiB
[stage] compute_sparsity     : 2.03 s  |  alloc 746.52 MiB
  TS PSD blocks                     : 23
  TS largest block                  : 5 × 5
  sum of upper-tri PSD scalar slots : 83
[stage] moment_relax         : 1.06 s  |  alloc 315.56 MiB
  unique moment variables           : 25
  basis length / unique moments     : 25
  constraint blocks to assemble     : 23
    ... constraint block 6 / 23
    ... constraint block 12 / 23
    ... constraint block 18 / 23
    ... constraint block 23 / 23
[stage] primal moment build  : 1.45 s  |  alloc 566.32 MiB
  JuMP num_variables                : 50
  JuMP num_constraints (all types)  : 25
[stage] optimize! (COSMO)    : running SDP solver ...
---------------- begin COSMO output ----------------
------------------------------------------------------------------
          COSMO v0.8.9 - A Quadratic Objective Conic Solver
                         Michael Garstka
                University of Oxford, 2017 - 2022
------------------------------------------------------------------

Problem:  x ∈ R^{526},
          constraints: A ∈ R^{2382x526} (5373 nnz),
          matrix size to factor: 2908x2908,
          Floating-point precision: Float64
Sets:     ZeroSet of dim: 193
          PsdConeTriangle of dim: 55 (10x10)
          PsdConeTriangle of dim: 21 (6x6)
          PsdConeTriangle of dim: 21 (6x6)
          PsdConeTriangle of dim: 21 (6x6)
          ... and 971 more
Settings: ϵ_abs = 1.0e-06, ϵ_rel = 1.0e-06,
          ϵ_prim_inf = 1.0e-06, ϵ_dual_inf = 1.0e-06,
          ρ = 1, σ = 1e-06, α = 1,
          max_iter = 5000,
          scaling iter = 10 (on),
          check termination every 50 iter,
          check infeasibility every 40 iter,
          KKT system solver: QDLDL
Acc:      Anderson Type2{QRDecomp},
          Memory size = 15, RestartedMemory,	
          Safeguarded: true, tol: 2.0
Setup Time: 379.76ms

Iter:	Objective:	Primal Res:	Dual Res:	Rho:
1	-6.7569e+00	4.3760e-01	7.3694e+00	1.0000e+00
50	-4.0000e+00	2.5366e-08	2.2143e-08	1.0000e+00

------------------------------------------------------------------
>>> Results
Status: Solved
Iterations: 50
Optimal objective: -4
Runtime: 1.188s (1188.31ms)

---------------- end   COSMO output ----------------
[stage] optimize! (COSMO)    : 10.47 s  |  alloc 4.82 GiB
  termination_status                : OPTIMAL
  objective                         : -4.00000023
  oracle objective                  : -2.47213595
  objective error                   : -1.528e+00

==============================================================================
Periodic Hubbard N=4 (canonical half-filling, order 2)
==============================================================================
[stage] build polyopt        : 0.04 s  |  alloc 6.96 MiB
[stage] compute_sparsity     : 0.01 s  |  alloc 41.20 MiB
  TS PSD blocks                     : 87
  TS largest block                  : 9 × 9
  sum of upper-tri PSD scalar slots : 569
[stage] moment_relax         : 0.02 s  |  alloc 29.28 MiB
  unique moment variables           : 239
  basis length / unique moments     : 991
  constraint blocks to assemble     : 617
    ... constraint block 154 / 617
    ... constraint block 308 / 617
    ... constraint block 462 / 617
    ... constraint block 616 / 617
    ... constraint block 617 / 617
[stage] primal moment build  : 0.14 s  |  alloc 91.62 MiB
  JuMP num_variables                : 1982
  JuMP num_constraints (all types)  : 1149
[stage] optimize! (COSMO)    : running SDP solver ...
---------------- begin COSMO output ----------------
------------------------------------------------------------------
          COSMO v0.8.9 - A Quadratic Objective Conic Solver
                         Michael Garstka
                University of Oxford, 2017 - 2022
------------------------------------------------------------------

Problem:  x ∈ R^{5562},
          constraints: A ∈ R^{22142x5562} (77657 nnz),
          matrix size to factor: 27704x27704,
          Floating-point precision: Float64
Sets:     ZeroSet of dim: 1549
          PsdConeTriangle of dim: 171 (18x18)
          PsdConeTriangle of dim: 105 (14x14)
          PsdConeTriangle of dim: 105 (14x14)
          PsdConeTriangle of dim: 55 (10x10)
          ... and 9363 more
Settings: ϵ_abs = 1.0e-06, ϵ_rel = 1.0e-06,
          ϵ_prim_inf = 1.0e-06, ϵ_dual_inf = 1.0e-06,
          ρ = 1, σ = 1e-06, α = 1,
          max_iter = 5000,
          scaling iter = 10 (on),
          check termination every 50 iter,
          check infeasibility every 40 iter,
          KKT system solver: QDLDL
Acc:      Anderson Type2{QRDecomp},
          Memory size = 15, RestartedMemory,	
          Safeguarded: true, tol: 2.0
Setup Time: 2839.65ms

Iter:	Objective:	Primal Res:	Dual Res:	Rho:
1	-4.5627e+00	3.9411e-01	2.5079e+01	1.0000e+00
50	-4.7319e+00	4.6459e-02	8.4206e-03	1.0000e+00
100	-3.8678e+00	7.5854e-03	2.4024e-03	1.0000e+00
150	-3.7718e+00	2.9761e-03	1.5123e-02	5.0276e+00
200	-3.6923e+00	2.5700e-04	1.3033e-03	5.0276e+00
250	-3.6972e+00	8.0364e-05	2.8859e-04	5.0276e+00
300	-3.6969e+00	2.1984e-05	6.4612e-05	5.0276e+00
350	-3.6970e+00	5.6630e-06	4.2318e-05	5.0276e+00
400	-3.6970e+00	2.5531e-06	1.9826e-05	5.0276e+00
450	-3.6971e+00	2.7579e-06	1.1876e-05	5.0276e+00
500	-3.6970e+00	2.3980e-06	6.8389e-06	5.0276e+00
550	-3.6970e+00	2.4725e-06	3.8408e-06	5.0276e+00
600	-3.6970e+00	1.8599e-06	1.7595e-06	5.0276e+00

------------------------------------------------------------------
>>> Results
Status: Solved
Iterations: 600
Optimal objective: -3.697
Runtime: 3.842s (3841.73ms)

---------------- end   COSMO output ----------------
[stage] optimize! (COSMO)    : 4.13 s  |  alloc 1.76 GiB
  termination_status                : OPTIMAL
  objective                         : -3.69702680
  oracle objective                  : -2.14743201
  objective error                   : -1.550e+00

==============================================================================
Smaller-system summary
==============================================================================
Periodic Hubbard N=2 (grand-canonical, order 2)
  total wall                        : 15.15 s
  PSD upper-tri slots               : 83
  unique moments                    : 25
  JuMP vars / constraints           : 50 / 25
  objective error vs oracle         : -1.528e+00
  termination_status                : OPTIMAL
Periodic Hubbard N=4 (canonical half-filling, order 2)
  total wall                        : 4.33 s
  PSD upper-tri slots               : 569
  unique moments                    : 239
  JuMP vars / constraints           : 1982 / 1149
  objective error vs oracle         : -1.550e+00
  termination_status                : OPTIMAL
